android-companion/app/build/intermediates/manifest_merge_blame_file/debug/processDebugMainManifest/manifest-merger-blame-debug-report.txt
1<?xml version="1.0" encoding="utf-8"?>
2<manifest xmlns:android="http://schemas.android.com/apk/res/android"
3    package="com.voicebridge.ime"
4    android:versionCode="1"
5    android:versionName="0.1.0" >
6
7    <uses-sdk
8        android:minSdkVersion="26"
9        android:targetSdkVersion="35" />
10
11    <uses-permission android:name="android.permission.RECORD_AUDIO" />
11-->src/main/AndroidManifest.xml:2:5-71
11-->src/main/AndroidManifest.xml:2:22-68
12
13    <application
13-->src/main/AndroidManifest.xml:3:5-27:19
14        android:allowBackup="false"
14-->src/main/AndroidManifest.xml:5:9-36
15        android:debuggable="true"
16        android:extractNativeLibs="false"
17        android:label="VoiceBridge"
17-->src/main/AndroidManifest.xml:4:9-36
18        android:supportsRtl="true" >
18-->src/main/AndroidManifest.xml:6:9-35
19        <activity
19-->src/main/AndroidManifest.xml:7:9-14:20
20            android:name="com.voicebridge.ime.ime.MainActivity"
20-->src/main/AndroidManifest.xml:8:13-45
21            android:exported="true" >
21-->src/main/AndroidManifest.xml:9:13-36
22            <intent-filter>
22-->src/main/AndroidManifest.xml:10:13-13:29
23                <action android:name="android.intent.action.MAIN" />
23-->src/main/AndroidManifest.xml:11:17-69
23-->src/main/AndroidManifest.xml:11:25-66
24
25                <category android:name="android.intent.category.LAUNCHER" />
25-->src/main/AndroidManifest.xml:12:17-77
25-->src/main/AndroidManifest.xml:12:27-74
26            </intent-filter>
27        </activity>
28
29        <service
29-->src/main/AndroidManifest.xml:15:9-26:19
30            android:name="com.voicebridge.ime.ime.VoiceBridgeInputMethodService"
30-->src/main/AndroidManifest.xml:16:13-62
31            android:exported="true"
31-->src/main/AndroidManifest.xml:19:13-36
32            android:label="VoiceBridge"
32-->src/main/AndroidManifest.xml:17:13-40
33            android:permission="android.permission.BIND_INPUT_METHOD" >
33-->src/main/AndroidManifest.xml:18:13-70
34            <intent-filter>
34-->src/main/AndroidManifest.xml:20:13-22:29
35                <action android:name="android.view.InputMethod" />
35-->src/main/AndroidManifest.xml:21:17-67
35-->src/main/AndroidManifest.xml:21:25-64
36            </intent-filter>
37
38            <meta-data
38-->src/main/AndroidManifest.xml:23:13-25:50
39                android:name="android.view.im"
39-->src/main/AndroidManifest.xml:24:17-47
40                android:resource="@xml/method" />
40-->src/main/AndroidManifest.xml:25:17-47
41        </service>
42    </application>
43
44</manifest>